20230717	11:43:22	e9805a22-0cf4-482b-8119-62e44a4e714c	GET	/	undefined
20230717	11:43:22	bfdb7a3b-b016-4d1a-953f-e2f83036fed8	GET	/stylesheets/home.css	undefined
20230717	11:43:22	f87910ca-2f5b-4429-a05d-df21cf24b901	GET	/	undefined
20230717	11:43:32	9756c858-3169-4455-9079-07f71e5ab83d	GET	/	undefined
20230717	11:43:32	766b5363-3ab4-4bfb-aba7-a9eccb000f2f	GET	/stylesheets/home.css	undefined
20230717	11:43:32	3317616d-09b0-4b2a-ade5-10772d8225be	GET	/	undefined
20230717	11:43:39	7fe300cd-d80a-477c-a8bf-dc63090fed0c	GET	/login	undefined
20230717	11:43:39	5ae83b4b-b72a-45d8-9201-60976435c61c	GET	/stylesheets/app.css	undefined
20230717	11:43:39	a40141e0-4dc8-43ee-98d0-6b0f46442c84	GET	/javascripts/validateForms.js	undefined
20230717	11:43:39	066330b2-b19d-497f-a841-054ac5ce2320	GET	/login	undefined
20230717	11:45:09	1f03e283-43c0-476e-b6dc-420987660a17	GET	/register	undefined
20230717	11:45:09	2c5bc70d-f0d2-4fa6-baed-252ea6ee50ec	GET	/stylesheets/app.css	undefined
20230717	11:45:09	e93472e7-bbff-4d9f-a4a0-4bb039b5c504	GET	/javascripts/validateForms.js	undefined
20230717	11:45:09	8ad43450-7615-49f0-a4a8-87782b82ca98	GET	/register	undefined
20230717	11:45:12	c9d44eed-1d57-4cf8-9033-9c2c969db742	GET	/auth/google	undefined
20230717	11:49:46	45e2dc82-8e1c-4dcc-808d-d74c96b5b821	GET	/	undefined
20230717	11:49:46	82cb99ee-713b-46e2-80d0-46107535caf7	GET	/stylesheets/home.css	undefined
20230717	11:49:46	36751e00-8dc7-4dd9-85b9-e4af60a5608b	GET	/	undefined
20230717	11:49:52	9d1a09b6-8cff-40b9-b52e-7009d53391ff	GET	/register	undefined
20230717	11:49:52	91775027-7310-488b-8526-7845bba4fe75	GET	/stylesheets/app.css	undefined
20230717	11:49:52	27001e79-7ecd-4290-b93f-cdb74d412d54	GET	/javascripts/validateForms.js	undefined
20230717	11:49:52	75570a51-0bc8-4598-857f-da6ae0948c99	GET	/register	undefined
20230717	11:50:49	26905853-d030-411c-9e0c-35913bf4f9a0	GET	/	undefined
20230717	11:50:57	84672bc0-6cdd-46ca-ade3-27c60e00eb22	GET	/campgrounds	undefined
20230717	11:50:58	156dbc05-a282-4d12-b667-dc969f90fea1	GET	/stylesheets/app.css	undefined
20230717	11:50:58	98d79a7f-ea44-47f6-8e67-fcb6687b221e	GET	/javascripts/clusterMap.js	undefined
20230717	11:50:58	fab7b841-28bf-462d-be9a-3483117f0932	GET	/javascripts/validateForms.js	undefined
20230717	11:50:59	f08bea26-2358-4dd4-87eb-8be176191f0e	GET	/campgrounds	undefined
20230717	11:51:06	adf3393c-5f92-4d2d-bd39-4dad58cb0abd	GET	/campgrounds	undefined
20230717	11:51:07	bac329df-fe5c-4c79-a735-adda33099cff	GET	/stylesheets/app.css	undefined
20230717	11:51:07	fe4b0bb8-dfd8-4c3c-99fd-0c20ec6b8239	GET	/javascripts/clusterMap.js	undefined
20230717	11:51:07	10702673-c2de-41dd-b015-b78f04ef6dd7	GET	/javascripts/validateForms.js	undefined
20230717	11:51:08	b4bc11bc-023d-4cd1-8b09-65ab14e6da20	GET	/campgrounds	undefined
20230717	11:53:28	9c4e4f42-fc84-415b-b4a1-313be49a5941	GET	/campgrounds	undefined
20230717	11:53:28	a7ab87a9-c8a4-42b3-8735-e34f4d53abca	GET	/stylesheets/app.css	undefined
20230717	11:53:29	a3d6287c-e57d-4f6d-9dec-cde10c51ff88	GET	/javascripts/clusterMap.js	undefined
20230717	11:53:29	3800f023-82e3-48cf-8ef5-ae6d1e3b639b	GET	/javascripts/validateForms.js	undefined
20230717	11:53:30	a38d8027-b674-4fbe-ad76-16de99b48028	GET	/campgrounds	undefined
20230717	11:56:01	2e85f8bc-1e46-4b85-900c-113d686893ef	[object Object]
20230717	11:56:01	3fad6345-fb13-4e9f-b67c-3ad5f905ee67	[object Object]
20230717	11:56:01	e7efdb66-b08a-440e-9f79-536b7866d17b	[object Object]
20230717	11:56:01	98404a23-5265-4d77-b925-25a76e2ccbde	[object Object]
20230717	11:56:02	f5cee83b-be07-4e18-8777-6caba5a35abe	[object Object]
20230717	11:56:35	fd36fbfd-2dd6-44b8-ad7b-298033142d84	[object Object]
20230717	11:56:35	96bdb123-55fe-4854-a0e0-fe5cf1d89197	[object Object]
20230717	11:56:36	9569be3b-4285-413b-b6df-6cb9bed494bc	[object Object]
20230717	11:56:51	d5191142-c40e-41c1-a19a-eee26b270389	[object Object]
20230717	11:56:52	9706ccbc-296c-4d59-bc1a-196100b10b3f	[object Object]
20230717	11:56:52	0b4b1f3b-0805-4888-bad9-d02414d10dbc	[object Object]
20230717	11:56:52	c29cf323-5075-46ce-8fa7-c7f23a00dbf8	[object Object]
20230717	11:56:53	26d4ac2b-35d9-41cb-96ac-d1304c2d2889	[object Object]
20230717	11:57:46	7d0ca32d-e857-4208-8732-549685db8690	[object Object]
20230717	11:57:46	81de1ce6-5558-4c74-82cf-d44077a5651a	[object Object]
20230717	11:57:46	582af962-e2df-4e0c-ada2-71c8c20a7739	[object Object]
20230717	11:57:46	9dba7572-5619-4193-872e-86de01b39e0c	[object Object]
20230717	11:57:47	1125968a-f722-4406-9393-109a25af03df	[object Object]
20230717	11:58:46	135b8378-1612-4cc5-8d4c-30dd9b24c3c6	GET
20230717	11:58:47	c039003b-d190-4126-8df8-9c24ebe27372	GET
20230717	11:58:47	9d24374b-7fa6-4d7b-a262-1525928e4876	GET
20230717	11:58:47	40570933-333a-4a3f-81f7-8a0485a65ca8	GET
20230717	11:58:48	955f7c10-1cdf-43a9-87d2-d5970b234f69	GET
20230717	11:59:27	6ad47e15-226c-4887-8689-1af3d037524c	[object Object]
20230717	11:59:27	cfab4bf3-78bb-4849-ade6-2adf5f1fe561	[object Object]
20230717	11:59:27	155b3c29-7fad-4b6e-905e-c461f6aef6fe	[object Object]
20230717	12:03:26	30f49075-52ac-4da3-85fe-be15bf1fdd1c	GET	/campgrounds	undefined
20230717	12:03:26	574cbae6-4e90-4f66-933e-a8a17330c771	GET	/stylesheets/app.css	undefined
20230717	12:03:26	65a8f6e7-c052-4d8c-b462-ab886c073084	GET	/javascripts/clusterMap.js	undefined
20230717	12:03:26	e4d02f38-d11b-4533-b80b-4decf3afbae4	GET	/javascripts/validateForms.js	undefined
20230717	12:03:27	855dd897-301f-4c97-8755-146d217f19d0	GET	/campgrounds	undefined
20230717	12:04:03	673f8dc6-663b-4116-9bd4-a40f779bbd65	GET	/	undefined
20230717	12:04:03	e5da7226-3a02-45bc-94ad-a30e5717133c	GET	/stylesheets/home.css	undefined
20230717	12:04:03	321da06c-de59-4779-8c87-56670511dad0	GET	/	undefined
20230717	12:04:10	c69fd689-7a42-4d4d-be32-3cb144c13af4	GET	/login	undefined
20230717	12:04:10	793a3a7e-985c-4620-b2fb-9dee12e9288b	GET	/stylesheets/app.css	undefined
20230717	12:04:10	a6210660-7dd9-4c69-8416-2e4f0866bb78	GET	/javascripts/validateForms.js	undefined
20230717	12:04:11	bde20fa6-a039-4035-b086-24c67d9d118c	GET	/login	undefined
20230717	12:05:24	91cc2d67-788a-457b-bcef-9e04458c8b88	GET	/	undefined
20230717	12:05:24	1192d1f1-519a-4e5a-a22c-c770086284ed	GET	/stylesheets/home.css	undefined
20230717	12:05:24	5a7ba78a-e1b6-4c6a-9304-e9ff24b9be0b	GET	/	undefined
20230717	12:05:25	f33bb258-85b9-4627-b898-ba9fe66a5d5c	GET	/campgrounds	undefined
20230717	12:05:26	faa7d2ec-bb5b-4ebc-a894-226a06a15fcc	GET	/stylesheets/app.css	undefined
20230717	12:05:26	c32fb2a9-1741-4660-aa72-e65a3f6f7f4f	GET	/javascripts/clusterMap.js	undefined
20230717	12:05:26	530d4649-95cf-4feb-8fb3-300d37fce142	GET	/javascripts/validateForms.js	undefined
20230717	12:05:26	6bf8710e-5b51-4038-a4cc-621398a2e010	GET	/campgrounds	undefined
20230717	12:05:27	a56ee29c-3dfa-49da-b1f0-83b6c37510dd	GET	/login	undefined
20230717	12:05:27	741ddbfd-3982-4a64-82ba-d11198f7e430	GET	/stylesheets/app.css	undefined
20230717	12:05:27	2ce9b2b3-3fc9-41ba-bf4f-3fc7adcdc0e5	GET	/javascripts/validateForms.js	undefined
20230717	12:05:27	1d263709-238b-4b0e-876d-62f542eca82a	GET	/login	undefined
20230717	12:05:29	1b66f9d5-94e5-43c0-af9a-ae2a964a971e	GET	/register	undefined
20230717	12:05:30	1b22c00b-f90f-4810-ace6-b41873cf3c3b	GET	/stylesheets/app.css	undefined
20230717	12:05:30	cb00c945-3449-41f0-b603-73620bcb7d30	GET	/javascripts/validateForms.js	undefined
20230717	12:05:30	e29ee532-cb3a-4f7e-a8bd-a952358d8aec	GET	/register	undefined
20230717	12:05:51	d118830d-9d75-4815-bec1-fd85f2e7f53c	GET	/auth/google	undefined
20230717	12:06:32	6b47e8fc-40c6-480f-9e87-04f07ca44bc7	GET	/register	undefined
20230717	12:06:37	dc566956-f226-4f7c-afdd-e2fc86edd770	GET	/auth/google	undefined
20230717	12:17:25	3476d863-bfe3-4be0-8f6e-e6518adb07e1	GET	/	undefined
20230717	12:17:26	0d74435c-ed23-4240-96f9-d661c79ef92a	GET	/stylesheets/home.css	undefined
20230717	12:17:26	f73e3d1a-6aea-4960-bc76-e8d9c514ba93	GET	/	undefined
20230717	12:17:40	7587d92d-13c8-461d-a22c-60ce19eeebc3	GET	/campgrounds	undefined
20230717	12:17:40	2e73d15c-be1e-484e-9e77-dd707c317371	GET	/stylesheets/app.css	undefined
20230717	12:17:40	9614c9a8-f667-4cbc-93be-c36d16a9bb0a	GET	/javascripts/clusterMap.js	undefined
20230717	12:17:40	078f09cf-38ed-4bfb-aabc-5b8355d538a9	GET	/javascripts/validateForms.js	undefined
20230717	12:17:40	cb47ae85-d298-47b9-ac35-f0b4887010b2	GET	/campgrounds	undefined
20230717	14:33:40	c9b4859a-a790-4b8e-89d9-56433981976d	GET	/stylesheets/app.css	undefined
20230717	14:33:40	d9fdfeb9-ba8c-42b3-ae25-3b0f3473a685	GET	/javascripts/clusterMap.js	undefined
20230717	14:33:40	1338befd-2694-4f3e-9d1c-d434b34de26d	GET	/javascripts/validateForms.js	undefined
20230717	14:33:41	b0ed83cd-6741-44ab-9709-e3263e1865a6	GET	/campgrounds	undefined
20230717	17:46:43	c63f5417-c1c3-4e13-92b0-ab5c053d5b48	GET	/	undefined
20230717	17:46:43	66265f71-3f20-4ae5-b515-02490d1559c7	GET	/stylesheets/home.css	undefined
20230717	17:46:43	4afb18da-b6a8-44ec-b714-e6972acbfd13	GET	/	undefined
20230717	18:00:09	c2125eb7-ae4a-405f-a787-f10a44e2c89e	GET	/	undefined
20230717	21:59:58	ffbf8bf0-0d16-4b5e-b98f-4a1cc07a4f4c	GET	/	undefined
